Parsing FlowMonitor XML files (bus flows only)...
  baseline_1buses_any_1.xml: 3 bus flows, PDR=100.00%, delay=22.5ms, qDelay=0.0ms
  ddos_1buses_any_1.xml: 4 bus flows, PDR=100.00%, delay=20.5ms, qDelay=0.0ms
  ddos_gps_1buses_any_1.xml: 4 bus flows, PDR=100.00%, delay=20.5ms, qDelay=0.0ms
  baseline_10buses_any_1.xml: 30 bus flows, PDR=97.70%, delay=37.5ms, qDelay=0.0ms
  ddos_10buses_any_1.xml: 31 bus flows, PDR=94.73%, delay=38.1ms, qDelay=0.0ms
  ddos_gps_10buses_any_1.xml: 31 bus flows, PDR=94.73%, delay=38.1ms, qDelay=0.0ms
  baseline_41buses_any_1.xml: 123 bus flows, PDR=59.23%, delay=119.5ms, qDelay=0.1ms
  ddos_41buses_any_1.xml: 124 bus flows, PDR=58.61%, delay=120.4ms, qDelay=0.1ms
  ddos_gps_41buses_any_1.xml: 124 bus flows, PDR=58.61%, delay=120.4ms, qDelay=0.1ms

Parsed 9 files successfully.

=== Summary [any mode] (mean across 1 seed(s): 1) ===
  baseline    1 buses: delay=   22.5ms  throughput= 1.02Mbps  PLR= 0.00%  jitter=  0.42ms  queueDelay=  0.00ms
  ddos        1 buses: delay=   20.5ms  throughput= 6.12Mbps  PLR= 0.00%  jitter=  0.47ms  queueDelay=  0.00ms
  ddos_gps    1 buses: delay=   20.5ms  throughput= 6.12Mbps  PLR= 0.00%  jitter=  0.47ms  queueDelay=  0.00ms
  baseline   10 buses: delay=   37.5ms  throughput= 9.98Mbps  PLR= 2.30%  jitter=  3.25ms  queueDelay=  0.00ms
  ddos       10 buses: delay=   38.1ms  throughput=10.61Mbps  PLR= 5.27%  jitter=  3.18ms  queueDelay=  0.00ms
  ddos_gps   10 buses: delay=   38.1ms  throughput=10.61Mbps  PLR= 5.27%  jitter=  3.18ms  queueDelay=  0.00ms
  baseline   41 buses: delay=  119.5ms  throughput=24.09Mbps  PLR=40.77%  jitter=  4.31ms  queueDelay=  0.07ms
  ddos       41 buses: delay=  120.4ms  throughput=24.47Mbps  PLR=41.39%  jitter=  4.32ms  queueDelay=  0.05ms
  ddos_gps   41 buses: delay=  120.4ms  throughput=24.47Mbps  PLR=41.39%  jitter=  4.32ms  queueDelay=  0.05ms

Generating graphs for any mode...
Generated delay_comparison_any.png
Generated throughput_comparison_any.png
Generated plr_comparison_any.png
Generated jitter_comparison_any.png
Generated queue_delay_comparison_any.png

Generating detection comparison graphs...
Generated ddos_detection_time_comparison.png
Generated gps_detection_time_comparison.png
Generated forensic_upload_duration.png

=== Detection Accuracy Summary ===
  [any] baseline: DDoS TP=0/3 FP=1/3 | GPS TP=0/3 FP=1/3
  [any] ddos: DDoS TP=3/3 FP=0/3 avgTTD=10.0s | GPS TP=0/3 FP=1/3
  [any] ddos_gps: DDoS TP=3/3 FP=0/3 avgTTD=10.0s | GPS TP=1/3 FP=0/3 avgTTD=94.6s

=== Forensic Upload Success Rate ===
  [any]: 0/6 fully completed (0%), avg bytes delivered=0.0% of 10 MB, avg duration=60.0s

Analysis complete. Graphs saved to /home/user/ns-allinone-3.40/ns-3.40/scratch/smart-bus/graphs/
